::1 - - [16/May/2020:18:26:52 +0000] "POST /api/users HTTP/1.1" 200 25 "-" "PostmanRuntime/7.24.1"
::1 - - [16/May/2020:18:33:11 +0000] "GET /api/users/load HTTP/1.1" 200 27 "-" "PostmanRuntime/7.24.1"
::1 - - [16/May/2020:18:33:51 +0000] "GET /api/users/load HTTP/1.1" 200 27 "-" "PostmanRuntime/7.24.1"
::1 - - [16/May/2020:18:40:44 +0000] "GET /api/users/load HTTP/1.1" 200 27 "-" "PostmanRuntime/7.24.1"
::1 - - [16/May/2020:18:41:29 +0000] "GET /api/users/load HTTP/1.1" 200 27 "-" "PostmanRuntime/7.24.1"
::1 - - [16/May/2020:18:47:36 +0000] "GET /api/users/load HTTP/1.1" 200 27 "-" "PostmanRuntime/7.24.1"
::1 - - [16/May/2020:18:48:16 +0000] "GET /api/users/load HTTP/1.1" 200 27 "-" "PostmanRuntime/7.24.1"
::1 - - [16/May/2020:18:49:12 +0000] "GET /api/users/load HTTP/1.1" 200 27 "-" "PostmanRuntime/7.24.1"
::1 - - [16/May/2020:18:49:51 +0000] "GET /api/users/load HTTP/1.1" 200 27 "-" "PostmanRuntime/7.24.1"
::1 - - [16/May/2020:18:50:37 +0000] "POST /api/users HTTP/1.1" 200 25 "-" "PostmanRuntime/7.24.1"
::1 - - [16/May/2020:18:50:49 +0000] "GET /api/users HTTP/1.1" 200 302 "-" "PostmanRuntime/7.24.1"
::1 - - [16/May/2020:18:51:47 +0000] "POST /api/users HTTP/1.1" 200 25 "-" "PostmanRuntime/7.24.1"
::1 - - [16/May/2020:18:51:52 +0000] "GET /api/users HTTP/1.1" 200 403 "-" "PostmanRuntime/7.24.1"
::1 - - [16/May/2020:18:54:26 +0000] "GET /api/users/load HTTP/1.1" 200 27 "-" "PostmanRuntime/7.24.1"
::1 - - [16/May/2020:18:54:36 +0000] "GET /api/users HTTP/1.1" 200 309 "-" "PostmanRuntime/7.24.1"
::1 - - [16/May/2020:18:54:51 +0000] "POST /api/users/login HTTP/1.1" 200 174 "-" "PostmanRuntime/7.24.1"
::1 - - [16/May/2020:18:55:24 +0000] "POST /api/users/login HTTP/1.1" 200 43 "-" "PostmanRuntime/7.24.1"
::1 - - [16/May/2020:18:55:35 +0000] "POST /api/users/login HTTP/1.1" 200 181 "-" "PostmanRuntime/7.24.1"
::1 - - [16/May/2020:18:55:47 +0000] "POST /api/users/login HTTP/1.1" 200 179 "-" "PostmanRuntime/7.24.1"
::1 - - [17/May/2020:18:29:00 +0000] "GET /api/users HTTP/1.1" 200 2 "-" "Mozilla/5.0 (Windows NT 10.0; Win64; x64) AppleWebKit/537.36 (KHTML, like Gecko) Chrome/81.0.4044.138 Safari/537.36"
::1 - - [17/May/2020:18:29:00 +0000] "GET /favicon.ico HTTP/1.1" 404 150 "http://localhost/api/users" "Mozilla/5.0 (Windows NT 10.0; Win64; x64) AppleWebKit/537.36 (KHTML, like Gecko) Chrome/81.0.4044.138 Safari/537.36"
::1 - - [17/May/2020:18:29:04 +0000] "GET / HTTP/1.1" 404 139 "-" "Mozilla/5.0 (Windows NT 10.0; Win64; x64) AppleWebKit/537.36 (KHTML, like Gecko) Chrome/81.0.4044.138 Safari/537.36"
::1 - - [17/May/2020:18:29:29 +0000] "GET /api/users HTTP/1.1" 200 2 "-" "Mozilla/5.0 (Windows NT 10.0; Win64; x64) AppleWebKit/537.36 (KHTML, like Gecko) Chrome/81.0.4044.138 Safari/537.36"
::1 - - [17/May/2020:18:29:35 +0000] "GET / HTTP/1.1" 404 139 "-" "Mozilla/5.0 (Windows NT 10.0; Win64; x64) AppleWebKit/537.36 (KHTML, like Gecko) Chrome/81.0.4044.138 Safari/537.36"
::1 - - [17/May/2020:18:31:13 +0000] "GET / HTTP/1.1" 404 139 "-" "Mozilla/5.0 (Windows NT 10.0; Win64; x64) AppleWebKit/537.36 (KHTML, like Gecko) Chrome/81.0.4044.138 Safari/537.36"
::1 - - [17/May/2020:21:02:43 +0000] "GET /api/books/ HTTP/1.1" 200 2 "-" "PostmanRuntime/7.24.1"
::1 - - [17/May/2020:21:03:39 +0000] "POST /api/books HTTP/1.1" 500 1516 "-" "PostmanRuntime/7.24.1"
::1 - - [17/May/2020:21:05:46 +0000] "POST /api/books HTTP/1.1" 200 23 "-" "PostmanRuntime/7.24.1"
::1 - - [17/May/2020:21:06:16 +0000] "GET /api/books/ HTTP/1.1" 200 74 "-" "PostmanRuntime/7.24.1"
::1 - - [17/May/2020:21:06:32 +0000] "PUT /api/books?id=1&name=Caminante&author=Luis&date=16-05-2020 HTTP/1.1" 200 26 "-" "PostmanRuntime/7.24.1"
::1 - - [17/May/2020:21:06:48 +0000] "DELETE /api/books?id=1 HTTP/1.1" 200 25 "-" "PostmanRuntime/7.24.1"
::1 - - [17/May/2020:21:06:57 +0000] "GET /api/books/ HTTP/1.1" 200 2 "-" "PostmanRuntime/7.24.1"
::1 - - [17/May/2020:21:08:49 +0000] "POST /api/books HTTP/1.1" 200 23 "-" "PostmanRuntime/7.24.1"
::1 - - [17/May/2020:21:08:55 +0000] "PUT /api/books?id=1&name=Caminante&author=Luis&date=16-05-2020 HTTP/1.1" 200 26 "-" "PostmanRuntime/7.24.1"
::1 - - [17/May/2020:21:09:01 +0000] "DELETE /api/books?id=1 HTTP/1.1" 200 25 "-" "PostmanRuntime/7.24.1"
